Timestamp: 2025-02-21T15:55:42+03:00
Response: #FF705B, #E94D32, #AE1807, #FF9F45, #FFC1A1, #FF5543, #2E6F87, #0E4B60, #042434, #2E9DCF, #6DCFF6, #38B1EA, #7B1324, #4D0818, #2A0510, #8F7239, #B29F71, #EFD170, #FFBF00, #FFEA72, #D1AD00, #FFD369, #FFB600, #B78300, #644E04, #4D241D, #1C0E0C, #632678, #531C5B, #3A123F, #CC5F80, #E6819E, #FF8EB1, #FF007F, #FF4D95, #FF93B2, #DE005D, #FF6598, #FFA3C2, #A02465, #801B54, #5C143D, #DA8C69, #C56C46, #AC4A29, #EAB37D, #E4BEA6, #D1A289, #442A22, #670001, #350000

Timestamp: 2025-02-21T15:58:05+03:00
Response: #FFD700, #DAA520, #B8860B, #8B4513, #CD853F, #8B4513, #FF6347, #FF4500, #FF0000, #B22222, #DC143C, #FFC0CB, #FF69B4, #FF1493, #C71585, #8B008B, #6A5ACD, #483D8B, #191970, #000080, #4169E1, #6495ED, #87CEEB, #00BFFF, #5F9EA0, #4682B4, #008080, #008B8B, #20B2AA, #008000, #006400, #556B2F, #808000, #6B8E23, #ADFF2F, #7FFF00, #32CD32, #228B22, #2E8B57, #00FF7F, #00FA9A, #98FB98, #90EE90, #B0E0E6, #ADD8E6, #87CEFA, #4682B4, #4169E1, #0000FF

Timestamp: 2025-02-21T15:59:18+03:00
Response: #E6A9EE, #B87EBA, #712F71, #5B4575, #431B53, #F4BBCF, #EEA7C5, #E084AD, #B6497F, #8E2E60, #F8D4D4, #F2BABD, #EB979F, #CF5B6A, #B34151, #FFD899, #FFC57A, #FFA52A, #DF7718, #B15B11, #FFD38A, #FFC06E, #FFA18F, #DF8472, #B1604E, #9CE5E5, #5DE1E1, #28D9D9, #1AA4A4, #046161, #9DD69D, #63CC63, #37C237, #239D23, #196E67, #9BE0A0, #65CE76, #3DB85C, #1F9233, #196B2C, #B5B5B5, #7C7C7C, #4F4F4F, #2F2F2F, #1A1A1A, #EDCE86, #D0A45B, #B57321, #8B5514, #513207, #F0BCC2, #E09BA5, #CF6F7A, #B54850, #842A35

Timestamp: 2025-02-21T16:04:35+03:00
Response: #F0D846, #D8C138, #A49513, #786C0F, #504E0B, #EAC5C5, #D4A7A7, #B97C7C, #8F5151, #663535, #C6E2F9, #A9C9EE, #7DA9E1, #5278D6, #2B53C9, #7AA874, #5E8B5F, #436146, #2A392F, #121F1A, #F9D3B5, #EEBA9D, #E3A186, #D78A6F, #CB7157, #E6E6A3, #D2D276, #BABB49, #9FA11E, #858501, #C7C3AE, #AEA894, #968C7A, #7D7560, #65604C, #F67D5E, #E96848, #D65439, #C2402A, #AE2D1C, #B9D9C3, #96B4A0, #749F7E, #518A5B, #28763A, #B9A1D1, #A38BB8, #8D74A1, #776E8A, #616873, #494E5C, #EDD9AD, #CFBF88, #B1A263, #948A3E, #786418, #CCC6D4, #ABA4B1, #8A849D, #696389, #47447F, #F3AAA0, #E88D82, #DC7066, #D1534A, #C5362E, #E3C95D, #D8B451, #CD9A44, #C28137, #B7672B, #CCD4FC, #A4B4F5, #7D95EF, #5675E9, #2F57E4, #ADCF84, #89B95F, #66A33C, #439D19, #1F9700, #D5D6B6, #B2B38D, #8F8F65, #6C6D3C, #494A14, #F4DF80, #E6D161, #D8C943, #CBBB26, #BDAE09, #FFC8A4, #FFB380, #FF996B, #FF7F57, #FF643E, #A8D8EA, #7DBED2, #41A4BA, #1589A2, #006E8A, #FFABAB, #FF8F8F, #FF7373, #FF5656, #FF3A3A, #EAD289, #D3B573, #BC995E, #A5834A, #8E6D35, #F0E3C2, #DAC8A4, #C4AD87, #AE946B, #978B50, #F9F2D3, #E4D5A7, #CFB87B, #BA9B4F, #A68123, #C4C4D8, #A2A2BC, #7F7FA5, #5D5D8F, #3A3A78, #FAD14A, #E0B437, #C59A23, #AB8110, #915606, #DDCBCD, #C5A9AC, #AD8D8F, #957193, #7D5876, #F06A56, #DF5046, #BE3636, #9D1D26, #7B0300, #F1D89B, #E3C082, #D5A869, #C88C50, #BA6F36, #B0DEA4, #90C789, #70B06D, #4FA551, #2F8E34, #E0D3CA, #C9B4A8, #B29E92, #9A8977, #837463, #DCA3C8, #C587B1, #AC6B9A, #914F82, #763465, #D8857E, #C16E67, #A45750, #8E4047, #75293F, #FFA6A1, #FF8C8A, #FF7170, #FF5757, #FF3D3E, #83D3E5, #5EB8D7, #38A0CA, #138ABD, #0075B0, #D3CCAF, #BDB29D, #A89B8B, #938478, #7D6D66, #D2D33D, #B8C01E, #9EB900, #85A100, #6B8800, #E4BAA3, #CEA08A, #B98770, #A36D57, #8D5440, #AFBFD9, #8C9DBF, #6A7BB5, #4978AC, #295696, #E5CD9E, #D0B283, #BBA668, #A7904D, #927532, #F0ABC7, #E391B4, #D677A0, #C95D8D, #BE4384, #C0DDE4, #9ABECA, #75A0B0, #5082A5, #2864AB, #F4CB8A, #E6B36F, #D89A54, #CA8239, #BC6A1E, #DAC4D6, #C2A7BD, #AB8AA5, #946D8C, #7D5073, #F1E2AA, #DFC382, #CDAC5A, #BB952E, #A97D02, #D6D6E1, #B8B8D0, #9B9BC0, #7E7EAF, #61619F

Timestamp: 2025-02-21T16:14:27+03:00
Response: #861657, #AB203C, #D02B2B, #E66C2C, #F49A45, #AAB300, #5E913B, #007A5A, #00578C, #1F2551

Timestamp: 2025-02-21T17:08:41+03:00
Response: #F1F6F3, #DEE7DF, #CADFCA, #B6D8B6, #A2D0A2, #8EC98E, #7AC17A, #66BA66, #52B352, #3EAB3E, #2AA32A, #159B15, #0C800C, #007400, #006600, #005800, #004B00, #003D00, #003000, #002300, #001500, #000800, #F2E5EF, #E5D2DF, #D7BEEF, #CAA9DF, #BD96CF, #B083BF, #A370AF, #965D9F, #884A8F, #7B377F, #6E246F, #61115F, #570D51, #4C0943, #410636, #36022A, #2B001D, #200011, #150005, #0A0000, #F0EBDF, #E6DAC5, #DBCAA9, #D0B98E, #C5A872, #BA9757, #AF864C, #A47541, #995436, #8E432B, #833320, #782315, #6D1F0A, #621C00, #571800, #4C1400, #410F00, #360B00, #2B0700, #200300, #150000, #231F3A, #1C182D, #151220, #0F0A15, #09040A, #030003, #120020, #0F001D, #0C0019, #0A0015, #070012, #05000E, #04000C, #03000A, #020007, #010005, #010003, #000002, #000001, #CD9A68, #C18655, #AF7242, #9D5E2F, #8B4A1C, #793608, #671300, #550000, #460000, #370000, #280000, #190000, #0A0000

Timestamp: 2025-02-21T17:15:20+03:00
Response: #4B0082,#8B008B,#9932CC,#9400D3,#800080,#8A2BE2,#9370DB,#7B68EE,#483D8B,#0000FF,#4169E1,#0000CD,#6495ED,#1E90FF,#00BFFF,#87CEEB,#87CEFA,#4682B4,#ADD8E6,#B0E0E6,#5F9EA0,#20B2AA,#008B8B,#008080,#2F4F4F,#48D1CC,#40E0D0,#7FFF00,#7CFC00,#00FF00,#32CD32,#90EE90,#98FB98,#00FA9A,#00FF7F,#3CB371,#2E8B57,#008000,#008B45,#228B22,#6B8E23,#556B2F,#808000,#BDB76B,#F0E68C,#EEE8AA,#F5DEB3,#F0DC82,#F4A460,#DAA520,#B8860B

Timestamp: 2025-02-21T17:37:10+03:00
Response: #FFD700, #5F9EA0, #4682B4, #00CED1, #1E90FF, #4169E1, #0000FF, #00008B, #000080, #191970

Timestamp: 2025-02-21T17:43:28+03:00
Response: #FF0000, #ff0000aa, #0b2044, #0b2044aa, #241e21, #241e21aa, #c4c4c4, #c4c4c4aa

Timestamp: 2025-02-22T13:46:39+03:00
Response: #000000, #211E1E, #3F3F3F, #5C5C5C, #787878, #939393, #AFB0B0, #C8C8C8, #E0E0E0, #F6F6F6, #FD373D, #005AB5, #FFEF00, #8AC640, #B5B5B5, #FFBA00, #FF8E04, #E62117, #00164E, #A5ACAF

Timestamp: 2025-02-22T13:49:20+03:00
Response: #C5E5FF, #9BCDEC, #71BFF2, #47A2F9, #1D85FF, #0068FF, #004FDB, #0035B9, #001B97, #000273

Timestamp: 2025-02-22T13:52:02+03:00
Response: #FF00FF, #FF00CC, #FF0099, #FF0066, #FF0033, #FF0000, #FF3300, #FF6600, #FF9900, #FFCC00, #FFFF00, #CCFF00, #99FF00, #66FF00, #33FF00, #00FF00, #00FF33, #00FF66, #00FF99, #00FFCC

Timestamp: 2025-02-22T19:25:54+03:00
Response: #FF4500, #FFA07A, #DC143C, #8B0000, #800000

Timestamp: 2025-02-22T19:57:18+03:00
Response: #FF5A36, #FF3040, #CC3639, #660035, #460024

